<?xml version="1.0" encoding="UTF-8"?>
<!-- Generated by org.testng.reporters.JUnitXMLReporter -->
<testsuite ignored="0" hostname="ajay-singh-lodhi" failures="0" tests="14" name="Default test" time="368.157" errors="0" timestamp="2023-11-22T19:27:10 IST">
  <testcase classname="controls.Mentions" name="test00" time="30.101"/>
  <testcase classname="controls.Mentions" name="test01" time="25.424"/>
  <testcase classname="controls.Mentions" name="test02" time="25.837"/>
  <testcase classname="controls.Mentions" name="test03" time="25.597"/>
  <testcase classname="controls.Mentions" name="test04" time="25.733"/>
  <testcase classname="controls.Mentions" name="test05" time="26.52"/>
  <testcase classname="controls.Mentions" name="test06" time="27.135"/>
  <testcase classname="controls.Mentions" name="test07" time="25.918"/>
  <testcase classname="controls.Mentions" name="test08" time="25.743"/>
  <testcase classname="controls.Mentions" name="test09" time="25.58"/>
  <testcase classname="controls.Mentions" name="testcase10" time="25.98"/>
  <testcase classname="controls.Mentions" name="testcase11" time="25.486"/>
  <testcase classname="controls.Mentions" name="testcase12" time="26.965"/>
  <testcase classname="controls.Mentions" name="testcase13" time="26.053"/>
</testsuite> <!-- Default test -->
